# Running Hohmann.
############## Search 1 ###############
# pos              = -2.356194
# ang              = 0.000000
# burn             = 3.039649
[-3.14159265 -3.12572602 -3.10985939 -3.09399276 -3.07812614 -3.06225951
 -3.04639288 -3.03052625 -3.01465962 -2.99879299 -2.98292636 -2.96705973
 -2.9511931  -2.93532647 -2.91945984 -2.90359321 -2.88772658 -2.87185995
 -2.85599332 -2.84012669 -2.82426006 -2.80839343 -2.7925268  -2.77666017
 -2.76079354 -2.74492691 -2.72906028 -2.71319366 -2.69732703 -2.6814604
 -2.66559377 -2.64972714 -2.63386051 -2.61799388 -2.60212725 -2.58626062
 -2.57039399 -2.55452736 -2.53866073 -2.5227941  -2.50692747 -2.49106084
 -2.47519421 -2.45932758 -2.44346095 -2.42759432 -2.41172769 -2.39586106
 -2.37999443 -2.3641278  -2.34826118 -2.33239455 -2.31652792 -2.30066129
 -2.28479466 -2.26892803 -2.2530614  -2.23719477 -2.22132814 -2.20546151
 -2.18959488 -2.17372825 -2.15786162 -2.14199499 -2.12612836 -2.11026173
 -2.0943951  -2.07852847 -2.06266184 -2.04679521 -2.03092858 -2.01506195
 -1.99919533 -1.9833287  -1.96746207 -1.95159544 -1.93572881 -1.91986218
 -1.90399555 -1.88812892 -1.87226229 -1.85639566 -1.84052903 -1.8246624
 -1.80879577 -1.79292914 -1.77706251 -1.76119588 -1.74532925 -1.72946262
 -1.71359599 -1.69772936 -1.68186273 -1.6659961  -1.65012947 -1.63426285
 -1.61839622 -1.60252959 -1.58666296 -1.57079633]
[0.]
[3.01       3.01100503 3.01201005 3.01301508 3.0140201  3.01502513
 3.01603015 3.01703518 3.0180402  3.01904523 3.02005025 3.02105528
 3.0220603  3.02306533 3.02407035 3.02507538 3.0260804  3.02708543
 3.02809045 3.02909548 3.0301005  3.03110553 3.03211055 3.03311558
 3.0341206  3.03512563 3.03613065 3.03713568 3.0381407  3.03914573
 3.04015075 3.04115578 3.0421608  3.04316583 3.04417085 3.04517588
 3.0461809  3.04718593 3.04819095 3.04919598 3.05020101 3.05120603
 3.05221106 3.05321608 3.05422111 3.05522613 3.05623116 3.05723618
 3.05824121 3.05924623 3.06025126 3.06125628 3.06226131 3.06326633
 3.06427136 3.06527638 3.06628141 3.06728643 3.06829146 3.06929648
 3.07030151 3.07130653 3.07231156 3.07331658 3.07432161 3.07532663
 3.07633166 3.07733668 3.07834171 3.07934673 3.08035176 3.08135678
 3.08236181 3.08336683 3.08437186 3.08537688 3.08638191 3.08738693
 3.08839196 3.08939698 3.09040201 3.09140704 3.09241206 3.09341709
 3.09442211 3.09542714 3.09643216 3.09743719 3.09844221 3.09944724
 3.10045226 3.10145729 3.10246231 3.10346734 3.10447236 3.10547739
 3.10648241 3.10748744 3.10849246 3.10949749 3.11050251 3.11150754
 3.11251256 3.11351759 3.11452261 3.11552764 3.11653266 3.11753769
 3.11854271 3.11954774 3.12055276 3.12155779 3.12256281 3.12356784
 3.12457286 3.12557789 3.12658291 3.12758794 3.12859296 3.12959799
 3.13060302 3.13160804 3.13261307 3.13361809 3.13462312 3.13562814
 3.13663317 3.13763819 3.13864322 3.13964824 3.14065327 3.14165829
 3.14266332 3.14366834 3.14467337 3.14567839 3.14668342 3.14768844
 3.14869347 3.14969849 3.15070352 3.15170854 3.15271357 3.15371859
 3.15472362 3.15572864 3.15673367 3.15773869 3.15874372 3.15974874
 3.16075377 3.16175879 3.16276382 3.16376884 3.16477387 3.16577889
 3.16678392 3.16778894 3.16879397 3.16979899 3.17080402 3.17180905
 3.17281407 3.1738191  3.17482412 3.17582915 3.17683417 3.1778392
 3.17884422 3.17984925 3.18085427 3.1818593  3.18286432 3.18386935
 3.18487437 3.1858794  3.18688442 3.18788945 3.18889447 3.1898995
 3.19090452 3.19190955 3.19291457 3.1939196  3.19492462 3.19592965
 3.19693467 3.1979397  3.19894472 3.19994975 3.20095477 3.2019598
 3.20296482 3.20396985 3.20497487 3.2059799  3.20698492 3.20798995
 3.20899497 3.21      ]
# --------------------------------------------------------------------------
# Threads:               8
# Trials:            20000 (100%)
# No interception:   18513 (92%)
# Crashed on earth:   1395 (6%)
# Hit moon:             92 (0%)
# Runtime:           34.79s
# --------------------------------------------------------------------------
duration = 6/unit_time
pos      = -1.935728806757347
ang      = 0.000000000000000
burn     = 3.111507537688442/unit_velocity
x0       = -0.018213838781621
y0       = -0.015862639176649
px0      = 9.991195231736199
py0      = -3.829236600285886
# --------------------------------------------------------------------------
# dV(earth-escape) = 3.111508 km/s
# dV(moon-capture) = 0.803759 km/s
# dV(total)        = 3.915267 km/s
# Flight-time      = 5.069222 days
# --------------------------------------------------------------------------
# Search runtime   = 34.80s
############## Search 2 ###############
# pos              = -1.935729
# ang              = 0.000000
# burn             = 3.041122
[-2.01426862 -2.01268196 -2.0110953  -2.00950863 -2.00792197 -2.00633531
 -2.00474865 -2.00316198 -2.00157532 -1.99998866 -1.99840199 -1.99681533
 -1.99522867 -1.993642   -1.99205534 -1.99046868 -1.98888202 -1.98729535
 -1.98570869 -1.98412203 -1.98253536 -1.9809487  -1.97936204 -1.97777538
 -1.97618871 -1.97460205 -1.97301539 -1.97142872 -1.96984206 -1.9682554
 -1.96666873 -1.96508207 -1.96349541 -1.96190875 -1.96032208 -1.95873542
 -1.95714876 -1.95556209 -1.95397543 -1.95238877 -1.9508021  -1.94921544
 -1.94762878 -1.94604212 -1.94445545 -1.94286879 -1.94128213 -1.93969546
 -1.9381088  -1.93652214 -1.93493548 -1.93334881 -1.93176215 -1.93017549
 -1.92858882 -1.92700216 -1.9254155  -1.92382883 -1.92224217 -1.92065551
 -1.91906885 -1.91748218 -1.91589552 -1.91430886 -1.91272219 -1.91113553
 -1.90954887 -1.90796221 -1.90637554 -1.90478888 -1.90320222 -1.90161555
 -1.90002889 -1.89844223 -1.89685556 -1.8952689  -1.89368224 -1.89209558
 -1.89050891 -1.88892225 -1.88733559 -1.88574892 -1.88416226 -1.8825756
 -1.88098893 -1.87940227 -1.87781561 -1.87622895 -1.87464228 -1.87305562
 -1.87146896 -1.86988229 -1.86829563 -1.86670897 -1.86512231 -1.86353564
 -1.86194898 -1.86036232 -1.85877565 -1.85718899]
[0.]
[3.10150754 3.10160804 3.10170854 3.10180905 3.10190955 3.10201005
 3.10211055 3.10221106 3.10231156 3.10241206 3.10251256 3.10261307
 3.10271357 3.10281407 3.10291457 3.10301508 3.10311558 3.10321608
 3.10331658 3.10341709 3.10351759 3.10361809 3.10371859 3.1038191
 3.1039196  3.1040201  3.1041206  3.10422111 3.10432161 3.10442211
 3.10452261 3.10462312 3.10472362 3.10482412 3.10492462 3.10502513
 3.10512563 3.10522613 3.10532663 3.10542714 3.10552764 3.10562814
 3.10572864 3.10582915 3.10592965 3.10603015 3.10613065 3.10623116
 3.10633166 3.10643216 3.10653266 3.10663317 3.10673367 3.10683417
 3.10693467 3.10703518 3.10713568 3.10723618 3.10733668 3.10743719
 3.10753769 3.10763819 3.10773869 3.1078392  3.1079397  3.1080402
 3.1081407  3.10824121 3.10834171 3.10844221 3.10854271 3.10864322
 3.10874372 3.10884422 3.10894472 3.10904523 3.10914573 3.10924623
 3.10934673 3.10944724 3.10954774 3.10964824 3.10974874 3.10984925
 3.10994975 3.11005025 3.11015075 3.11025126 3.11035176 3.11045226
 3.11055276 3.11065327 3.11075377 3.11085427 3.11095477 3.11105528
 3.11115578 3.11125628 3.11135678 3.11145729 3.11155779 3.11165829
 3.11175879 3.1118593  3.1119598  3.1120603  3.1121608  3.11226131
 3.11236181 3.11246231 3.11256281 3.11266332 3.11276382 3.11286432
 3.11296482 3.11306533 3.11316583 3.11326633 3.11336683 3.11346734
 3.11356784 3.11366834 3.11376884 3.11386935 3.11396985 3.11407035
 3.11417085 3.11427136 3.11437186 3.11447236 3.11457286 3.11467337
 3.11477387 3.11487437 3.11497487 3.11507538 3.11517588 3.11527638
 3.11537688 3.11547739 3.11557789 3.11567839 3.11577889 3.1158794
 3.1159799  3.1160804  3.1161809  3.11628141 3.11638191 3.11648241
 3.11658291 3.11668342 3.11678392 3.11688442 3.11698492 3.11708543
 3.11718593 3.11728643 3.11738693 3.11748744 3.11758794 3.11768844
 3.11778894 3.11788945 3.11798995 3.11809045 3.11819095 3.11829146
 3.11839196 3.11849246 3.11859296 3.11869347 3.11879397 3.11889447
 3.11899497 3.11909548 3.11919598 3.11929648 3.11939698 3.11949749
 3.11959799 3.11969849 3.11979899 3.1198995  3.12       3.1201005
 3.12020101 3.12030151 3.12040201 3.12050251 3.12060302 3.12070352
 3.12080402 3.12090452 3.12100503 3.12110553 3.12120603 3.12130653
 3.12140704 3.12150754]
# --------------------------------------------------------------------------
# Threads:               8
# Trials:            20000 (100%)
# No interception:   19399 (96%)
# Crashed on earth:      0 (0%)
# Hit moon:            601 (3%)
# Runtime:           27.07s
# --------------------------------------------------------------------------
duration = 5/unit_time
pos      = -1.961908745537262
ang      = 0.000000000000000
burn     = 3.111256281407035/unit_velocity
x0       = -0.018626997575537
y0       = -0.015698564937549
px0      = 9.887624886005829
py0      = -4.089373965924732
# --------------------------------------------------------------------------
# dV(earth-escape) = 3.111256 km/s
# dV(moon-capture) = 0.805745 km/s
# dV(total)        = 3.917001 km/s
# Flight-time      = 4.936791 days
# --------------------------------------------------------------------------
################ Best ################
# Best dV(total)   = 3.915267 km/s
# --------------------------------------------------------------------------
duration = 6/unit_time
pos      = -1.935728806757347
ang      = 0.000000000000000
burn     = 3.111507537688442/unit_velocity
x0       = -0.018213838781621
y0       = -0.015862639176649
px0      = 9.991195231736199
py0      = -3.829236600285886
# --------------------------------------------------------------------------
# dV(earth-escape) = 3.111508 km/s
# dV(moon-capture) = 0.803759 km/s
# dV(total)        = 3.915267 km/s
# Flight-time      = 5.069222 days
# --------------------------------------------------------------------------
# Final position: 0.983071 0.000547
# Final impulse: -0.186943 -0.602477
# Final H: -2.730192
# Total runtime = 62.74s
# --------------------------------------------------------------------------
# --- Done with FUNCTION CALLS
# --- Done with PLOTS
